<?xml version="1.0" encoding="UTF-8"?>
<testng-results skipped="0" failed="0" ignored="0" total="1" passed="1">
  <reporter-output>
    <line>
      <![CDATA[Home Page is Displayed]]>
    </line>
    <line>
      <![CDATA[Organizations Page is Displayed]]>
    </line>
    <line>
      <![CDATA[testDuplicateOrganizations is pass ]]>
    </line>
  </reporter-output>
  <suite name="Default suite" duration-ms="28741" started-at="2019-11-13T09:15:51 IST" finished-at="2019-11-13T09:16:20 IST">
    <groups>
    </groups>
    <test name="Default test" duration-ms="28741" started-at="2019-11-13T09:15:51 IST" finished-at="2019-11-13T09:16:20 IST">
      <class name="com.vtiger.testpom.DeleteAllOragnizationsNames">
        <test-method status="PASS" signature="openBrowser()[pri:0, instance:com.vtiger.testpom.DeleteAllOragnizationsNames@23e028a9]" name="openBrowser" is-config="true" duration-ms="10964" started-at="2019-11-13T09:15:51 IST" finished-at="2019-11-13T09:16:02 IST">
          <reporter-output>
          </reporter-output>
        </test-method> <!-- openBrowser -->
        <test-method status="PASS" signature="testDuplicateOrganizations()[pri:0, instance:com.vtiger.testpom.DeleteAllOragnizationsNames@23e028a9]" name="testDuplicateOrganizations" duration-ms="17742" started-at="2019-11-13T09:16:02 IST" finished-at="2019-11-13T09:16:20 IST">
          <reporter-output>
            <line>
              <![CDATA[Home Page is Displayed]]>
            </line>
            <line>
              <![CDATA[Organizations Page is Displayed]]>
            </line>
          </reporter-output>
        </test-method> <!-- testDuplicateOrganizations -->
        <test-method status="PASS" signature="afterMethod(org.testng.ITestResult)[pri:0, instance:com.vtiger.testpom.DeleteAllOragnizationsNames@23e028a9]" name="afterMethod" is-config="true" duration-ms="3" started-at="2019-11-13T09:16:20 IST" finished-at="2019-11-13T09:16:20 IST">
          <params>
            <param index="0">
              <value>
                <![CDATA[[TestResult name=testDuplicateOrganizations status=SUCCESS method=DeleteAllOragnizationsNames.testDuplicateOrganizations()[pri:0, instance:com.vtiger.testpom.DeleteAllOragnizationsNames@23e028a9] output=Home Page is Displayed]]]>
              </value>
            </param>
          </params>
          <reporter-output>
            <line>
              <![CDATA[testDuplicateOrganizations is pass ]]>
            </line>
          </reporter-output>
        </test-method> <!-- afterMethod -->
      </class> <!-- com.vtiger.testpom.DeleteAllOragnizationsNames -->
    </test> <!-- Default test -->
  </suite> <!-- Default suite -->
</testng-results>
